<?xml version="1.0" encoding="UTF-8"?>
<!-- Generated by org.testng.reporters.JUnitReportReporter -->
<testsuite skipped="0" hostname="netstorm-TECRA-C50-C" name="src.com.cavisson.MultiTest" tests="3" failures="0" timestamp="18 Nov 2017 11:01:47 GMT" time="0.030" errors="0">
  <testcase name="One" time="0.016" classname="src.com.cavisson.MultiTest"/>
  <testcase name="Two" time="0.010" classname="src.com.cavisson.MultiTest"/>
  <testcase name="Three" time="0.004" classname="src.com.cavisson.MultiTest"/>
</testsuite> <!-- src.com.cavisson.MultiTest -->
