<?xml version="1.0" encoding="UTF-8"?>
<!-- Generated by org.testng.reporters.JUnitReportReporter -->
<testsuite skipped="0" hostname="netstorm-TECRA-C50-C" name="src.com.cavisson.MultiTest" tests="6" failures="0" timestamp="09 Dec 2017 07:23:14 GMT" time="0.022" errors="0">
  <testcase name="Three" time="0.002" classname="src.com.cavisson.MultiTest"/>
  <testcase name="One" time="0.003" classname="src.com.cavisson.MultiTest"/>
  <testcase name="Two" time="0.001" classname="src.com.cavisson.MultiTest"/>
  <testcase name="Four" time="0.010" classname="src.com.cavisson.MultiTest"/>
  <testcase name="f" time="0.004" classname="src.com.cavisson.MultiTest"/>
  <testcase name="f" time="0.002" classname="src.com.cavisson.MultiTest"/>
</testsuite> <!-- src.com.cavisson.MultiTest -->
