<?xml version="1.0" encoding="UTF-8"?>
<!-- Generated by org.testng.reporters.JUnitReportReporter -->
<testsuite hostname="netstorm-TECRA-C50-C" name="src.com.cavisson.MultiTest" tests="6" failures="0" timestamp="2 Jan 2018 12:24:55 GMT" time="0.005" errors="0">
  <testcase name="f" time="0.001" classname="src.com.cavisson.MultiTest"/>
  <testcase name="Two" time="0.000" classname="src.com.cavisson.MultiTest"/>
  <testcase name="Three" time="0.002" classname="src.com.cavisson.MultiTest"/>
  <testcase name="f" time="0.001" classname="src.com.cavisson.MultiTest"/>
  <testcase name="One" time="0.000" classname="src.com.cavisson.MultiTest"/>
  <testcase name="Four" time="0.001" classname="src.com.cavisson.MultiTest"/>
</testsuite> <!-- src.com.cavisson.MultiTest -->
