<?xml version="1.0" encoding="UTF-8"?>
<!-- Generated by org.testng.reporters.JUnitReportReporter -->
<testsuite hostname="netstorm-TECRA-C50-C" name="src.com.cavisson.MultiTest" tests="3" failures="0" timestamp="21 Nov 2017 14:08:38 GMT" time="0.004" errors="0">
  <testcase name="Three" time="0.001" classname="src.com.cavisson.MultiTest"/>
  <testcase name="One" time="0.001" classname="src.com.cavisson.MultiTest"/>
  <testcase name="Two" time="0.002" classname="src.com.cavisson.MultiTest"/>
</testsuite> <!-- src.com.cavisson.MultiTest -->
